<?xml version="1.0" encoding="UTF-8"?>
<!-- Generated by org.testng.reporters.JUnitReportReporter -->
<testsuite name="Tests.TC1" tests="1" time="4.216" ignored="0" failures="0" timestamp="17 Feb 2018 11:19:49 GMT" skipped="0" hostname="Vish-PC" errors="0">
  <testcase name="method1" time="4.216" classname="Tests.TC1"/>
</testsuite> <!-- Tests.TC1 -->
